Results for: 16 processes, chunk sizes of 625, and matrix sizes of 10000...

Creating square matricies of size 10000...

Initializing random values...

Generating matrix C by square matrix multiplication (C = A•B) with 16 processes and a chunk size of 625...

Process 0 starts at row 0 and ends at row 624...

Process 1 starts at row 625 and ends at row 1249...

Process 2 starts at row 1250 and ends at row 1874...

Process 3 starts at row 1875 and ends at row 2499...

Process 4 starts at row 2500 and ends at row 3124...

Process 5 starts at row 3125 and ends at row 3749...

Process 6 starts at row 3750 and ends at row 4374...

Process 7 starts at row 4375 and ends at row 4999...

Process 8 starts at row 5000 and ends at row 5624...

Process 9 starts at row 5625 and ends at row 6249...

Process 10 starts at row 6250 and ends at row 6874...

Process 11 starts at row 6875 and ends at row 7499...

Process 12 starts at row 7500 and ends at row 8124...

Process 13 starts at row 8125 and ends at row 8749...

Process 14 starts at row 8750 and ends at row 9374...

Process 15 starts at row 9375 and ends at row 9999...

Randomized matrices (of type "double" & of square size 10000) were sequentially created & initialized in 5.26859 seconds.

Randomized matrices (of type "double" & of square size 10000) were multiplied in parallel in 452.403 seconds.