Results for: 16 processes, chunk sizes of 312, and matrix sizes of 5000...

Creating square matricies of size 5000...

Initializing random values...

Generating matrix C by square matrix multiplication (C = A•B) with 16 processes and a chunk size of 312...

Process 0 starts at row 0 and ends at row 311...

Process 1 starts at row 312 and ends at row 623...

Process 2 starts at row 624 and ends at row 935...

Process 3 starts at row 936 and ends at row 1247...

Process 4 starts at row 1248 and ends at row 1559...

Process 5 starts at row 1560 and ends at row 1871...

Process 6 starts at row 1872 and ends at row 2183...

Process 7 starts at row 2184 and ends at row 2495...

Process 8 starts at row 2496 and ends at row 2807...

Process 9 starts at row 2808 and ends at row 3119...

Process 10 starts at row 3120 and ends at row 3431...

Process 11 starts at row 3432 and ends at row 3743...

Process 12 starts at row 3744 and ends at row 4055...

Process 13 starts at row 4056 and ends at row 4367...

Process 14 starts at row 4368 and ends at row 4679...

Process 15 starts at row 4680 and ends at row 4999...

Randomized matrices (of type "double" & of square size 5000) were sequentially created & initialized in 1.35705 seconds.

Randomized matrices (of type "double" & of square size 5000) were multiplied in parallel in 50.8745 seconds.