Results for: 28 processes, chunk sizes of 357, and matrix sizes of 10000...

Creating square matricies of size 10000...

Initializing random values...

Generating matrix C by square matrix multiplication (C = A•B) with 28 processes and a chunk size of 357...

Process 0 starts at row 0 and ends at row 356...

Process 1 starts at row 357 and ends at row 713...

Process 2 starts at row 714 and ends at row 1070...

Process 3 starts at row 1071 and ends at row 1427...

Process 4 starts at row 1428 and ends at row 1784...

Process 5 starts at row 1785 and ends at row 2141...

Process 6 starts at row 2142 and ends at row 2498...

Process 7 starts at row 2499 and ends at row 2855...

Process 8 starts at row 2856 and ends at row 3212...

Process 9 starts at row 3213 and ends at row 3569...

Process 10 starts at row 3570 and ends at row 3926...

Process 11 starts at row 3927 and ends at row 4283...

Process 12 starts at row 4284 and ends at row 4640...

Process 13 starts at row 4641 and ends at row 4997...

Process 14 starts at row 4998 and ends at row 5354...

Process 15 starts at row 5355 and ends at row 5711...

Process 16 starts at row 5712 and ends at row 6068...

Process 17 starts at row 6069 and ends at row 6425...

Process 18 starts at row 6426 and ends at row 6782...

Process 19 starts at row 6783 and ends at row 7139...

Process 20 starts at row 7140 and ends at row 7496...

Process 21 starts at row 7497 and ends at row 7853...

Process 22 starts at row 7854 and ends at row 8210...

Process 23 starts at row 8211 and ends at row 8567...

Process 24 starts at row 8568 and ends at row 8924...

Process 25 starts at row 8925 and ends at row 9281...

Process 26 starts at row 9282 and ends at row 9638...

Process 27 starts at row 9639 and ends at row 9999...

Randomized matrices (of type "double" & of square size 10000) were sequentially created & initialized in 5.54998 seconds.

Randomized matrices (of type "double" & of square size 10000) were multiplied in parallel in 241.107 seconds.