Results for: 28 processes, chunk sizes of 71, and matrix sizes of 2000...

Creating square matricies of size 2000...

Initializing random values...

Generating matrix C by square matrix multiplication (C = A•B) with 28 processes and a chunk size of 71...

Process 0 starts at row 0 and ends at row 70...

Process 1 starts at row 71 and ends at row 141...

Process 2 starts at row 142 and ends at row 212...

Process 3 starts at row 213 and ends at row 283...

Process 4 starts at row 284 and ends at row 354...

Process 5 starts at row 355 and ends at row 425...

Process 6 starts at row 426 and ends at row 496...

Process 7 starts at row 497 and ends at row 567...

Process 8 starts at row 568 and ends at row 638...

Process 9 starts at row 639 and ends at row 709...

Process 10 starts at row 710 and ends at row 780...

Process 11 starts at row 781 and ends at row 851...

Process 12 starts at row 852 and ends at row 922...

Process 13 starts at row 923 and ends at row 993...

Process 14 starts at row 994 and ends at row 1064...

Process 15 starts at row 1065 and ends at row 1135...

Process 16 starts at row 1136 and ends at row 1206...

Process 17 starts at row 1207 and ends at row 1277...

Process 18 starts at row 1278 and ends at row 1348...

Process 19 starts at row 1349 and ends at row 1419...

Process 20 starts at row 1420 and ends at row 1490...

Process 21 starts at row 1491 and ends at row 1561...

Process 22 starts at row 1562 and ends at row 1632...

Process 23 starts at row 1633 and ends at row 1703...

Process 24 starts at row 1704 and ends at row 1774...

Process 25 starts at row 1775 and ends at row 1845...

Process 26 starts at row 1846 and ends at row 1916...

Process 27 starts at row 1917 and ends at row 1999...

Randomized matrices (of type "double" & of square size 2000) were sequentially created & initialized in 0.369779 seconds.

Randomized matrices (of type "double" & of square size 2000) were multiplied in parallel in 1.77363 seconds.