Results for: 28 processes, chunk sizes of 178, and matrix sizes of 5000...

Creating square matricies of size 5000...

Initializing random values...

Generating matrix C by square matrix multiplication (C = A•B) with 28 processes and a chunk size of 178...

Process 0 starts at row 0 and ends at row 177...

Process 1 starts at row 178 and ends at row 355...

Process 2 starts at row 356 and ends at row 533...

Process 3 starts at row 534 and ends at row 711...

Process 4 starts at row 712 and ends at row 889...

Process 5 starts at row 890 and ends at row 1067...

Process 6 starts at row 1068 and ends at row 1245...

Process 7 starts at row 1246 and ends at row 1423...

Process 8 starts at row 1424 and ends at row 1601...

Process 9 starts at row 1602 and ends at row 1779...

Process 10 starts at row 1780 and ends at row 1957...

Process 11 starts at row 1958 and ends at row 2135...

Process 12 starts at row 2136 and ends at row 2313...

Process 13 starts at row 2314 and ends at row 2491...

Process 14 starts at row 2492 and ends at row 2669...

Process 15 starts at row 2670 and ends at row 2847...

Process 16 starts at row 2848 and ends at row 3025...

Process 17 starts at row 3026 and ends at row 3203...

Process 18 starts at row 3204 and ends at row 3381...

Process 19 starts at row 3382 and ends at row 3559...

Process 20 starts at row 3560 and ends at row 3737...

Process 21 starts at row 3738 and ends at row 3915...

Process 22 starts at row 3916 and ends at row 4093...

Process 23 starts at row 4094 and ends at row 4271...

Process 24 starts at row 4272 and ends at row 4449...

Process 25 starts at row 4450 and ends at row 4627...

Process 26 starts at row 4628 and ends at row 4805...

Process 27 starts at row 4806 and ends at row 4999...

Randomized matrices (of type "double" & of square size 5000) were sequentially created & initialized in 1.57343 seconds.

Randomized matrices (of type "double" & of square size 5000) were multiplied in parallel in 29.1614 seconds.