Results for: 28 processes, chunk sizes of 250, and matrix sizes of 7000...

Creating square matricies of size 7000...

Initializing random values...

Generating matrix C by square matrix multiplication (C = A•B) with 28 processes and a chunk size of 250...

Process 0 starts at row 0 and ends at row 249...

Process 1 starts at row 250 and ends at row 499...

Process 2 starts at row 500 and ends at row 749...

Process 3 starts at row 750 and ends at row 999...

Process 4 starts at row 1000 and ends at row 1249...

Process 5 starts at row 1250 and ends at row 1499...

Process 6 starts at row 1500 and ends at row 1749...

Process 7 starts at row 1750 and ends at row 1999...

Process 8 starts at row 2000 and ends at row 2249...

Process 9 starts at row 2250 and ends at row 2499...

Process 10 starts at row 2500 and ends at row 2749...

Process 11 starts at row 2750 and ends at row 2999...

Process 12 starts at row 3000 and ends at row 3249...

Process 13 starts at row 3250 and ends at row 3499...

Process 14 starts at row 3500 and ends at row 3749...

Process 15 starts at row 3750 and ends at row 3999...

Process 16 starts at row 4000 and ends at row 4249...

Process 17 starts at row 4250 and ends at row 4499...

Process 18 starts at row 4500 and ends at row 4749...

Process 19 starts at row 4750 and ends at row 4999...

Process 20 starts at row 5000 and ends at row 5249...

Process 21 starts at row 5250 and ends at row 5499...

Process 22 starts at row 5500 and ends at row 5749...

Process 23 starts at row 5750 and ends at row 5999...

Process 24 starts at row 6000 and ends at row 6249...

Process 25 starts at row 6250 and ends at row 6499...

Process 26 starts at row 6500 and ends at row 6749...

Process 27 starts at row 6750 and ends at row 6999...

Randomized matrices (of type "double" & of square size 7000) were sequentially created & initialized in 2.82412 seconds.

Randomized matrices (of type "double" & of square size 7000) were multiplied in parallel in 83.0389 seconds.